#
# There is insufficient memory for the Java Runtime Environment to continue.
# Native memory allocation (mmap) failed to map 266338304 bytes for Failed to commit area from 0x0000000703800000 to 0x0000000713600000 of length 266338304.
# Possible reasons:
#   The system is out of physical RAM or swap space
#   The process is running with CompressedOops enabled, and the Java Heap may be blocking the growth of the native heap
# Possible solutions:
#   Reduce memory load on the system
#   Increase physical memory or swap space
#   Check if swap backing store is full
#   Decrease Java heap size (-Xmx/-Xms)
#   Decrease number of Java threads
#   Decrease Java thread stack sizes (-Xss)
#   Set larger code cache with -XX:ReservedCodeCacheSize=
# This output file may be truncated or incomplete.
#
#  Out of Memory Error (./open/src/hotspot/os/windows/os_windows.cpp:3292), pid=19068, tid=1624
#
# JRE version:  (11.0.19+9) (build )
# Java VM: Java HotSpot(TM) 64-Bit Server VM (11.0.19+9-LTS-224, mixed mode, sharing, tiered, compressed oops, g1 gc, windows-amd64)
# No core dump will be written. Minidumps are not enabled by default on client versions of Windows
#

---------------  S U M M A R Y ------------

Command Line: -XX:TieredStopAtLevel=1 -Xverify:none -Dspring.profiles.active=local -Dspring.output.ansi.enabled=always -Dcom.sun.management.jmxremote -Dspring.jmx.enabled=true -Dspring.liveBeansView.mbeanDomain -Dspring.application.admin.enabled=true -Dmanagement.endpoints.jmx.exposure.include=* -javaagent:C:\Program Files\JetBrains\IntelliJ IDEA 2021.3.2\lib\idea_rt.jar=14585:C:\Program Files\JetBrains\IntelliJ IDEA 2021.3.2\bin -Dfile.encoding=UTF-8 com.hmall.item.ItemApplication

Host: Intel(R) Core(TM) i5-10500 CPU @ 3.10GHz, 12 cores, 15G,  Windows 11 , 64 bit Build 26010 (10.0.26010.1000)
Time: Wed Jan 10 16:51:47 2024  Windows 11 , 64 bit Build 26010 (10.0.26010.1000) elapsed time: 2.034917 seconds (0d 0h 0m 2s)

---------------  T H R E A D  ---------------

Current thread (0x000002222bbe2800):  JavaThread "Unknown thread" [_thread_in_vm, id=1624, stack(0x00000071f7200000,0x00000071f7300000)]

Stack: [0x00000071f7200000,0x00000071f7300000]
Native frames: (J=compiled Java code, j=interpreted, Vv=VM code, C=native code)
V  [jvm.dll+0x65fe1a]
V  [jvm.dll+0x7a2bbf]
V  [jvm.dll+0x7a4289]
V  [jvm.dll+0x7a4923]
V  [jvm.dll+0x258a25]
V  [jvm.dll+0x65d179]
V  [jvm.dll+0x651e55]
V  [jvm.dll+0x31302d]
V  [jvm.dll+0x312e92]
V  [jvm.dll+0x317ac6]
V  [jvm.dll+0x35fbc0]
V  [jvm.dll+0x35f632]
V  [jvm.dll+0x2ee6b8]
V  [jvm.dll+0x2ef7c5]
V  [jvm.dll+0x77bc17]
V  [jvm.dll+0x77d4ff]
V  [jvm.dll+0x36ce69]
V  [jvm.dll+0x76070f]
V  [jvm.dll+0x3defe7]
V  [jvm.dll+0x3e1091]
C  [jli.dll+0x52e7]
C  [ucrtbase.dll+0x6e350]
C  [KERNEL32.DLL+0x11f67]
C  [ntdll.dll+0x33570]


---------------  P R O C E S S  ---------------

Threads class SMR info:
_java_thread_list=0x000002222a002930, length=0, elements={
}

Java Threads: ( => current thread )

Other Threads:
  0x000002222bbf9000 GCTaskThread "GC Thread#0" [stack: 0x00000071f7300000,0x00000071f7400000] [id=9596]
  0x000002222bc58800 ConcurrentGCThread "G1 Main Marker" [stack: 0x00000071f7400000,0x00000071f7500000] [id=8764]
  0x000002222bc5d000 ConcurrentGCThread "G1 Conc#0" [stack: 0x00000071f7500000,0x00000071f7600000] [id=17136]

[error occurred during error reporting (printing all threads), id 0xc0000005, EXCEPTION_ACCESS_VIOLATION (0xc0000005) at pc=0x00007ff8f6e0f177]

VM state:not at safepoint (not fully initialized)

VM Mutex/Monitor currently owned by a thread:  ([mutex/lock_event])
[0x000002222bbe2140] Heap_lock - owner thread: 0x000002222bbe2800

Heap address: 0x0000000703800000, size: 4040 MB, Compressed Oops mode: Non-zero based: 0x0000000703800000
Narrow klass base: 0x0000000000000000, Narrow klass shift: 0

GC Heap History (0 events):
No events

Deoptimization events (0 events):
No events

Classes redefined (0 events):
No events

Internal exceptions (0 events):
No events

Events (0 events):
No events


Dynamic libraries:
0x00007ff624230000 - 0x00007ff624240000 	D:\JDK_11\bin\java.exe
0x00007ff947c90000 - 0x00007ff947ec7000 	C:\WINDOWS\SYSTEM32\ntdll.dll
0x00007ff947440000 - 0x00007ff947509000 	C:\WINDOWS\System32\KERNEL32.DLL
0x00007ff945410000 - 0x00007ff94576d000 	C:\WINDOWS\System32\KERNELBASE.dll
0x00007ff9450f0000 - 0x00007ff94522c000 	C:\WINDOWS\System32\ucrtbase.dll
0x00007ff91fb40000 - 0x00007ff91fb5b000 	D:\JDK_11\bin\VCRUNTIME140.dll
0x00007ff91fa60000 - 0x00007ff91fa79000 	D:\JDK_11\bin\jli.dll
0x00007ff945ad0000 - 0x00007ff945b80000 	C:\WINDOWS\System32\ADVAPI32.dll
0x00007ff946620000 - 0x00007ff9466c7000 	C:\WINDOWS\System32\msvcrt.dll
0x00007ff9476e0000 - 0x00007ff947783000 	C:\WINDOWS\System32\sechost.dll
0x00007ff946260000 - 0x00007ff946386000 	C:\WINDOWS\System32\RPCRT4.dll
0x00007ff947810000 - 0x00007ff9479d0000 	C:\WINDOWS\System32\USER32.dll
0x00007ff945040000 - 0x00007ff945067000 	C:\WINDOWS\System32\win32u.dll
0x00007ff927e90000 - 0x00007ff928121000 	C:\WINDOWS\WinSxS\amd64_microsoft.windows.common-controls_6595b64144ccf1df_6.0.26010.1000_none_3bfc4084e6609114\COMCTL32.dll
0x00007ff947c10000 - 0x00007ff947c3a000 	C:\WINDOWS\System32\GDI32.dll
0x00007ff945230000 - 0x00007ff94534f000 	C:\WINDOWS\System32\gdi32full.dll
0x00007ff945360000 - 0x00007ff945405000 	C:\WINDOWS\System32\msvcp_win.dll
0x00007ff93c540000 - 0x00007ff93c54b000 	C:\WINDOWS\SYSTEM32\VERSION.dll
0x00007ff946c30000 - 0x00007ff946c61000 	C:\WINDOWS\System32\IMM32.DLL
0x00007ff923370000 - 0x00007ff92337c000 	D:\JDK_11\bin\vcruntime140_1.dll
0x00007ff914510000 - 0x00007ff91459e000 	D:\JDK_11\bin\msvcp140.dll
0x00007ff8f6b10000 - 0x00007ff8f767c000 	D:\JDK_11\bin\server\jvm.dll
0x00007ff945c40000 - 0x00007ff945c48000 	C:\WINDOWS\System32\PSAPI.DLL
0x00007ff941350000 - 0x00007ff94135a000 	C:\WINDOWS\SYSTEM32\WSOCK32.dll
0x00007ff927e50000 - 0x00007ff927e85000 	C:\WINDOWS\SYSTEM32\WINMM.dll
0x00007ff947790000 - 0x00007ff947804000 	C:\WINDOWS\System32\WS2_32.dll
0x00007ff943ee0000 - 0x00007ff943ef9000 	C:\WINDOWS\SYSTEM32\kernel.appcore.dll
0x00007ff9215b0000 - 0x00007ff9215c0000 	D:\JDK_11\bin\verify.dll
0x00007ff9426c0000 - 0x00007ff9428f6000 	C:\WINDOWS\SYSTEM32\DBGHELP.DLL
0x00007ff945c50000 - 0x00007ff945fc0000 	C:\WINDOWS\System32\combase.dll
0x00007ff9460d0000 - 0x00007ff9461a6000 	C:\WINDOWS\System32\OLEAUT32.dll
0x00007ff90c300000 - 0x00007ff90c339000 	C:\WINDOWS\SYSTEM32\dbgcore.DLL
0x00007ff9459b0000 - 0x00007ff945a33000 	C:\WINDOWS\System32\bcryptPrimitives.dll
0x00007ff9161e0000 - 0x00007ff916208000 	D:\JDK_11\bin\java.dll
0x00007ff91f7a0000 - 0x00007ff91f7aa000 	D:\JDK_11\bin\jimage.dll
0x00007ff91e3e0000 - 0x00007ff91e3ee000 	D:\JDK_11\bin\instrument.dll
0x00007ff91bbc0000 - 0x00007ff91bbd7000 	D:\JDK_11\bin\zip.dll

dbghelp: loaded successfully - version: 4.0.5 - missing functions: none
symbol engine: initialized successfully - sym options: 0x614 - pdb path: .;D:\JDK_11\bin;C:\WINDOWS\SYSTEM32;C:\WINDOWS\WinSxS\amd64_microsoft.windows.common-controls_6595b64144ccf1df_6.0.26010.1000_none_3bfc4084e6609114;D:\JDK_11\bin\server

VM Arguments:
jvm_args: -XX:TieredStopAtLevel=1 -Xverify:none -Dspring.profiles.active=local -Dspring.output.ansi.enabled=always -Dcom.sun.management.jmxremote -Dspring.jmx.enabled=true -Dspring.liveBeansView.mbeanDomain -Dspring.application.admin.enabled=true -Dmanagement.endpoints.jmx.exposure.include=* -javaagent:C:\Program Files\JetBrains\IntelliJ IDEA 2021.3.2\lib\idea_rt.jar=14585:C:\Program Files\JetBrains\IntelliJ IDEA 2021.3.2\bin -Dfile.encoding=UTF-8 
java_command: com.hmall.item.ItemApplication
java_class_path (initial): D:\SpringCloud微服务资料2023\微服务01\资料\hmall\item-service\target\classes;D:\SpringCloud微服务资料2023\微服务01\资料\hmall\hm-common\target\classes;C:\Users\hp-pc\.m2\repository\org\apache\commons\commons-pool2\2.11.1\commons-pool2-2.11.1.jar;C:\Users\hp-pc\.m2\repository\cn\hutool\hutool-all\5.8.11\hutool-all-5.8.11.jar;C:\Users\hp-pc\.m2\repository\org\springframework\boot\spring-boot-starter-logging\2.7.12\spring-boot-starter-logging-2.7.12.jar;C:\Users\hp-pc\.m2\repository\ch\qos\logback\logback-classic\1.2.12\logback-classic-1.2.12.jar;C:\Users\hp-pc\.m2\repository\ch\qos\logback\logback-core\1.2.12\logback-core-1.2.12.jar;C:\Users\hp-pc\.m2\repository\org\apache\logging\log4j\log4j-to-slf4j\2.17.2\log4j-to-slf4j-2.17.2.jar;C:\Users\hp-pc\.m2\repository\org\apache\logging\log4j\log4j-api\2.17.2\log4j-api-2.17.2.jar;C:\Users\hp-pc\.m2\repository\org\slf4j\jul-to-slf4j\1.7.36\jul-to-slf4j-1.7.36.jar;C:\Users\hp-pc\.m2\repository\org\hibernate\validator\hibernate-validator\6.2.5.Final\hibernate-validator-6.2.5.Final.jar;C:\Users\hp-pc\.m2\repository\jakarta\validation\jakarta.validation-api\2.0.2\jakarta.validation-api-2.0.2.jar;C:\Users\hp-pc\.m2\repository\org\jboss\logging\jboss-logging\3.4.3.Final\jboss-logging-3.4.3.Final.jar;C:\Users\hp-pc\.m2\repository\com\fasterxml\classmate\1.5.1\classmate-1.5.1.jar;C:\Users\hp-pc\.m2\repository\org\springframework\boot\spring-boot-autoconfigure\2.7.12\spring-boot-autoconfigure-2.7.12.jar;C:\Users\hp-pc\.m2\repository\org\springframework\boot\spring-boot\2.7.12\spring-boot-2.7.12.jar;C:\Users\hp-pc\.m2\repository\com\github\xiaoymin\knife4j-openapi2-spring-boot-starter\4.1.0\knife4j-openapi2-spring-boot-starter-4.1.0.jar;C:\Users\hp-pc\.m2\repository\com\github\xiaoymin\knife4j-core\4.1.0\knife4j-core-4.1.0.jar;C:\Users\hp-pc\.m2\repository\com\github\xiaoymin\knife4j-openapi2-ui\4.1.0\knife4j-openapi2-ui-4.1.0.jar;C:\Users\hp-pc\.m2\repository\org\javassist\javassist\3.25.0-GA\javassist-3
Launcher Type: SUN_STANDARD

[Global flags]
     bool BytecodeVerificationLocal                = false                                     {product} {command line}
     bool BytecodeVerificationRemote               = false                                     {product} {command line}
     intx CICompilerCount                          = 4                                         {product} {ergonomic}
     uint ConcGCThreads                            = 3                                         {product} {ergonomic}
     uint G1ConcRefinementThreads                  = 10                                        {product} {ergonomic}
   size_t G1HeapRegionSize                         = 1048576                                   {product} {ergonomic}
    uintx GCDrainStackTargetSize                   = 64                                        {product} {ergonomic}
   size_t InitialHeapSize                          = 266338304                                 {product} {ergonomic}
     bool ManagementServer                         = true                                      {product} {command line}
   size_t MarkStackSize                            = 4194304                                   {product} {ergonomic}
   size_t MaxHeapSize                              = 4236247040                                {product} {ergonomic}
   size_t MinHeapDeltaBytes                        = 1048576                                   {product} {ergonomic}
    uintx NonNMethodCodeHeapSize                   = 7549744                                {pd product} {ergonomic}
    uintx NonProfiledCodeHeapSize                  = 244108496                              {pd product} {ergonomic}
    uintx ProfiledCodeHeapSize                     = 0                                      {pd product} {ergonomic}
    uintx ReservedCodeCacheSize                    = 251658240                              {pd product} {ergonomic}
     bool SegmentedCodeCache                       = true                                      {product} {ergonomic}
     intx TieredStopAtLevel                        = 1                                         {product} {command line}
     bool UseCompressedClassPointers               = true                                 {lp64_product} {ergonomic}
     bool UseCompressedOops                        = true                                 {lp64_product} {ergonomic}
     bool UseG1GC                                  = true                                      {product} {ergonomic}
     bool UseLargePagesIndividualAllocation        = false                                  {pd product} {ergonomic}

Logging:
Log output configuration:
 #0: stdout all=warning uptime,level,tags
 #1: stderr all=off uptime,level,tags

Environment Variables:
JAVA_HOME=D:\JDK_17
CLASSPATH=.;D:\JDK_17\lib;D:\JDK_17\lib\tools.jar;D:\JDK_17\lib\algs4.jar
PATH=D:\VMware\bin\;C:\Program Files\Common Files\Oracle\Java\javapath;C:\WINDOWS\system32;C:\WINDOWS;C:\WINDOWS\System32\Wbem;C:\WINDOWS\System32\WindowsPowerShell\v1.0\;C:\WINDOWS\System32\OpenSSH\;D:\JDK_17\bin;D:\mysql-8.0.27-winx64\mysql-8.0.27-winx64\bin;D:\nodejs;D:\nodejs\node_cache;D:\nodejs\node_global;D:\git\Git\bin;D:\Nodejs\node_global;D:\Maven\apache-maven-3.6.1\bin;C:\Program Files\Pandoc\;D:\微信web开发者工具\dll;D:\Python\Scripts\;D:\Python\;C:\Users\hp-pc\AppData\Local\Microsoft\WindowsApps;D:\Pycharm\PyCharm Community Edition 2021.2.1\bin;;D:\JDK_17\bin;D:\IDEA\IntelliJ IDEA Community Edition 2021.2.2\bin;;C:\Program Files (x86)\IDEA\IntelliJ IDEA 2021.2.3\bin;;C:\Program Files (x86)\Pycharm\PyCharm 2021.2.3\bin;;C:\Program Files\JetBrains\WebStorm 2021.2.3\bin;;C:\Program Files\JetBrains\CLion 2021.2.3\bin;;C:\Users\hp-pc\AppData\Roaming\npm;;C:\Users\hp-pc\AppData\Local\Programs\Microsoft VS Code\bin
USERNAME=xiongsenlab
OS=Windows_NT
PROCESSOR_IDENTIFIER=Intel64 Family 6 Model 165 Stepping 3, GenuineIntel



---------------  S Y S T E M  ---------------

OS: Windows 11 , 64 bit Build 26010 (10.0.26010.1000)
Hyper-V role detected

CPU:total 12 (initial active 12) (6 cores per cpu, 2 threads per core) family 6 model 165 stepping 3 microcode 0xf8, cmov, cx8, fxsr, mmx, sse, sse2, sse3, ssse3, sse4.1, sse4.2, popcnt, avx, avx2, aes, clmul, erms, 3dnowpref, lzcnt, ht, tsc, tscinvbit, bmi1, bmi2, adx, fma

Memory: 4k page, system-wide physical 16159M (1696M free)
TotalPageFile size 16159M (AvailPageFile size 94M)
current process WorkingSet (physical memory assigned to process): 12M, peak: 12M
current process commit charge ("private bytes"): 62M, peak: 316M

vm_info: Java HotSpot(TM) 64-Bit Server VM (11.0.19+9-LTS-224) for windows-amd64 JRE (11.0.19+9-LTS-224), built on Mar 27 2023 08:48:55 by "mach5one" with MS VC++ 17.1 (VS2022)

END.
